<?xml version="1.0" encoding="UTF-8"?>
<!-- Generated by org.testng.reporters.JUnitXMLReporter -->
<testsuite ignored="0" hostname="DESKTOP-DO2DJUN" failures="1" tests="2" name="Error Validations Test" time="63.258" errors="0" timestamp="17 Mar 2024 21:08:43 GMT">
  <testcase classname="AutomationTesting.tests.ErrorValidationsTest" name="loginErrorValidation" time="0.722">
    <skipped/>
  </testcase> <!-- loginErrorValidation -->
  <testcase classname="AutomationTesting.tests.ErrorValidationsTest" name="loginErrorValidation" time="1.148">
    <failure type="java.lang.AssertionError" message="expected [Incorrect email or password.] but found [Incorrect email or password]">
      <![CDATA[java.lang.AssertionError: expected [Incorrect email or password.] but found [Incorrect email or password]
at AutomationTesting.tests.ErrorValidationsTest.loginErrorValidation(ErrorValidationsTest.java:19)
at java.base/java.util.concurrent.FutureTask.run(FutureTask.java:264)
at java.base/java.util.concurrent.ThreadPoolExecutor.runWorker(ThreadPoolExecutor.java:1128)
at java.base/java.util.concurrent.ThreadPoolExecutor$Worker.run(ThreadPoolExecutor.java:628)
at java.base/java.lang.Thread.run(Thread.java:834)
... Removed 22 stack frames]]>
    </failure>
  </testcase> <!-- loginErrorValidation -->
</testsuite> <!-- Error Validations Test -->
