<?xml version="1.0" encoding="UTF-8"?>
<testng-results ignored="0" total="2" passed="2" failed="0" skipped="0">
  <reporter-output>
  </reporter-output>
  <suite started-at="2024-05-05T15:23:26 IST" name="Default suite" finished-at="2024-05-05T15:23:54 IST" duration-ms="27563">
    <groups>
      <group name="Purchase">
        <method signature="SubmitOrderTest2.submitOrder(java.lang.String,java.lang.String,java.lang.String)[pri:0, instance:AutomationTesting.tests.SubmitOrderTest2@909217e]" name="submitOrder" class="AutomationTesting.tests.SubmitOrderTest2"/>
      </group> <!-- Purchase -->
    </groups>
    <test started-at="2024-05-05T15:23:26 IST" name="Default test" finished-at="2024-05-05T15:23:54 IST" duration-ms="27563">
      <class name="AutomationTesting.tests.SubmitOrderTest2">
        <test-method is-config="true" signature="launchApplication()[pri:0, instance:AutomationTesting.tests.SubmitOrderTest2@909217e]" started-at="2024-05-05T15:23:26 IST" name="launchApplication" finished-at="2024-05-05T15:23:35 IST" duration-ms="9041" status="PASS">
          <reporter-output>
          </reporter-output>
        </test-method> <!-- launchApplication -->
        <test-method signature="submitOrder(java.lang.String,java.lang.String,java.lang.String)[pri:0, instance:AutomationTesting.tests.SubmitOrderTest2@909217e]" started-at="2024-05-05T15:23:35 IST" name="submitOrder" data-provider="getData" finished-at="2024-05-05T15:23:42 IST" duration-ms="6921" status="PASS">
          <params>
            <param index="0">
              <value>
                <![CDATA[test12@gamil.com]]>
              </value>
            </param>
            <param index="1">
              <value>
                <![CDATA[Test@123]]>
              </value>
            </param>
            <param index="2">
              <value>
                <![CDATA[ZARA COAT 3]]>
              </value>
            </param>
          </params>
          <reporter-output>
          </reporter-output>
        </test-method> <!-- submitOrder -->
        <test-method is-config="true" signature="tearDown()[pri:0, instance:AutomationTesting.tests.SubmitOrderTest2@909217e]" started-at="2024-05-05T15:23:42 IST" name="tearDown" finished-at="2024-05-05T15:23:43 IST" duration-ms="432" status="PASS">
          <reporter-output>
          </reporter-output>
        </test-method> <!-- tearDown -->
        <test-method is-config="true" signature="launchApplication()[pri:0, instance:AutomationTesting.tests.SubmitOrderTest2@909217e]" started-at="2024-05-05T15:23:43 IST" name="launchApplication" finished-at="2024-05-05T15:23:46 IST" duration-ms="3196" status="PASS">
          <reporter-output>
          </reporter-output>
        </test-method> <!-- launchApplication -->
        <test-method signature="submitOrder(java.lang.String,java.lang.String,java.lang.String)[pri:0, instance:AutomationTesting.tests.SubmitOrderTest2@909217e]" started-at="2024-05-05T15:23:46 IST" name="submitOrder" data-provider="getData" finished-at="2024-05-05T15:23:53 IST" duration-ms="7551" status="PASS">
          <params>
            <param index="0">
              <value>
                <![CDATA[test12@gamil.com]]>
              </value>
            </param>
            <param index="1">
              <value>
                <![CDATA[Test@123]]>
              </value>
            </param>
            <param index="2">
              <value>
                <![CDATA[ADIDAS ORIGINAL]]>
              </value>
            </param>
          </params>
          <reporter-output>
          </reporter-output>
        </test-method> <!-- submitOrder -->
        <test-method is-config="true" signature="tearDown()[pri:0, instance:AutomationTesting.tests.SubmitOrderTest2@909217e]" started-at="2024-05-05T15:23:53 IST" name="tearDown" finished-at="2024-05-05T15:23:54 IST" duration-ms="296" status="PASS">
          <reporter-output>
          </reporter-output>
        </test-method> <!-- tearDown -->
      </class> <!-- AutomationTesting.tests.SubmitOrderTest2 -->
    </test> <!-- Default test -->
  </suite> <!-- Default suite -->
</testng-results>
